<?xml version="1.0" encoding="UTF-8"?>
<!-- Generated by org.testng.reporters.JUnitReportReporter -->
<testsuite hostname="Aviral-Laptop" failures="0" tests="1" name="Test.Employee" time="2.216" errors="0" timestamp="2022-03-13T18:19:03 IST" skipped="0">
  <testcase classname="Test.Employee" name="FirstTest" time="2.216"/>
  <system-out/>
</testsuite> <!-- Test.Employee -->
