<?xml version="1.0" encoding="UTF-8"?>
<!-- Generated by org.testng.reporters.JUnitReportReporter -->
<testsuite hostname="Aviral-Laptop" failures="0" tests="1" name="Test.temp" time="0.006" errors="0" timestamp="2022-03-13T17:34:06 IST" skipped="0">
  <testcase classname="Test.temp" name="SampleTest" time="0.006"/>
  <system-out/>
</testsuite> <!-- Test.temp -->
